{"E:/next-lodash/src/lib/index.ts": {"path":"E:/next-lodash/src/lib/index.ts","statementMap":{"0":{"start":{"line":7,"column":10},"end":{"line":10,"column":null}}},"fnMap":{},"branchMap":{},"s":{"0":1},"f":{},"b":{}}
,"E:/next-lodash/src/lib/array/chunk.ts": {"path":"E:/next-lodash/src/lib/array/chunk.ts","statementMap":{"0":{"start":{"line":60,"column":14},"end":{"line":60,"column":null}},"1":{"start":{"line":61,"column":18},"end":{"line":61,"column":null}},"2":{"start":{"line":62,"column":15},"end":{"line":62,"column":null}},"3":{"start":{"line":63,"column":2},"end":{"line":65,"column":null}},"4":{"start":{"line":64,"column":4},"end":{"line":64,"column":null}},"5":{"start":{"line":66,"column":14},"end":{"line":66,"column":null}},"6":{"start":{"line":67,"column":17},"end":{"line":67,"column":null}},"7":{"start":{"line":68,"column":17},"end":{"line":68,"column":null}},"8":{"start":{"line":70,"column":2},"end":{"line":72,"column":null}},"9":{"start":{"line":71,"column":4},"end":{"line":71,"column":null}},"10":{"start":{"line":73,"column":2},"end":{"line":73,"column":null}},"11":{"start":{"line":74,"column":2},"end":{"line":74,"column":null}},"12":{"start":{"line":76,"column":14},"end":{"line":76,"column":null}},"13":{"start":{"line":77,"column":15},"end":{"line":77,"column":null}},"14":{"start":{"line":78,"column":13},"end":{"line":78,"column":null}},"15":{"start":{"line":79,"column":13},"end":{"line":79,"column":null}},"16":{"start":{"line":83,"column":10},"end":{"line":83,"column":null}},"17":{"start":{"line":84,"column":10},"end":{"line":84,"column":null}},"18":{"start":{"line":85,"column":10},"end":{"line":85,"column":null}},"19":{"start":{"line":86,"column":10},"end":{"line":86,"column":null}}},"fnMap":{"0":{"name":"chunk","decl":{"start":{"line":55,"column":9},"end":{"line":55,"column":null}},"loc":{"start":{"line":59,"column":2},"end":{"line":75,"column":null}}}},"branchMap":{"0":{"loc":{"start":{"line":57,"column":2},"end":{"line":57,"column":null}},"type":"default-arg","locations":[{"start":{"line":57,"column":17},"end":{"line":57,"column":null}}]},"1":{"loc":{"start":{"line":58,"column":2},"end":{"line":58,"column":null}},"type":"default-arg","locations":[{"start":{"line":58,"column":21},"end":{"line":58,"column":null}}]},"2":{"loc":{"start":{"line":61,"column":27},"end":{"line":61,"column":49}},"type":"cond-expr","locations":[{"start":{"line":61,"column":39},"end":{"line":61,"column":43}},{"start":{"line":61,"column":43},"end":{"line":61,"column":49}}]},"3":{"loc":{"start":{"line":62,"column":15},"end":{"line":62,"column":null}},"type":"cond-expr","locations":[{"start":{"line":62,"column":30},"end":{"line":62,"column":34}},{"start":{"line":62,"column":34},"end":{"line":62,"column":null}}]},"4":{"loc":{"start":{"line":63,"column":2},"end":{"line":65,"column":null}},"type":"if","locations":[{"start":{"line":63,"column":2},"end":{"line":65,"column":null}},{"start":{"line":63,"column":2},"end":{"line":65,"column":null}}]},"5":{"loc":{"start":{"line":63,"column":6},"end":{"line":63,"column":28}},"type":"binary-expr","locations":[{"start":{"line":63,"column":6},"end":{"line":63,"column":15}},{"start":{"line":63,"column":15},"end":{"line":63,"column":28}}]}},"s":{"0":6,"1":6,"2":6,"3":6,"4":0,"5":6,"6":6,"7":6,"8":6,"9":30,"10":6,"11":6,"12":1,"13":1,"14":1,"15":1,"16":1,"17":1,"18":1,"19":1},"f":{"0":6},"b":{"0":[2],"1":[6],"2":[0,6],"3":[0,6],"4":[0,6],"5":[6,6]}}
,"E:/next-lodash/src/lib/array/compact.ts": {"path":"E:/next-lodash/src/lib/array/compact.ts","statementMap":{"0":{"start":{"line":22,"column":12},"end":{"line":22,"column":null}},"1":{"start":{"line":26,"column":2},"end":{"line":28,"column":null}},"2":{"start":{"line":27,"column":4},"end":{"line":27,"column":null}},"3":{"start":{"line":29,"column":14},"end":{"line":29,"column":null}},"4":{"start":{"line":29,"column":37},"end":{"line":29,"column":41}},"5":{"start":{"line":30,"column":2},"end":{"line":30,"column":null}}},"fnMap":{"0":{"name":"compact","decl":{"start":{"line":25,"column":9},"end":{"line":25,"column":47}},"loc":{"start":{"line":25,"column":74},"end":{"line":31,"column":null}}},"1":{"name":"(anonymous_1)","decl":{"start":{"line":29,"column":27},"end":{"line":29,"column":28}},"loc":{"start":{"line":29,"column":37},"end":{"line":29,"column":41}}}},"branchMap":{"0":{"loc":{"start":{"line":26,"column":2},"end":{"line":28,"column":null}},"type":"if","locations":[{"start":{"line":26,"column":2},"end":{"line":28,"column":null}},{"start":{"line":26,"column":2},"end":{"line":28,"column":null}}]},"1":{"loc":{"start":{"line":26,"column":6},"end":{"line":26,"column":64}},"type":"binary-expr","locations":[{"start":{"line":26,"column":6},"end":{"line":26,"column":23}},{"start":{"line":26,"column":23},"end":{"line":26,"column":48}},{"start":{"line":26,"column":48},"end":{"line":26,"column":64}}]}},"s":{"0":1,"1":0,"2":0,"3":0,"4":0,"5":0},"f":{"0":0,"1":0},"b":{"0":[0,0],"1":[0,0,0]}}
,"E:/next-lodash/src/lib/array/concat.ts": {"path":"E:/next-lodash/src/lib/array/concat.ts","statementMap":{"0":{"start":{"line":31,"column":2},"end":{"line":31,"column":null}},"1":{"start":{"line":34,"column":14},"end":{"line":34,"column":null}},"2":{"start":{"line":36,"column":13},"end":{"line":36,"column":null}},"3":{"start":{"line":37,"column":13},"end":{"line":37,"column":null}},"4":{"start":{"line":38,"column":13},"end":{"line":38,"column":null}}},"fnMap":{"0":{"name":"concat","decl":{"start":{"line":30,"column":9},"end":{"line":30,"column":16}},"loc":{"start":{"line":30,"column":53},"end":{"line":32,"column":null}}}},"branchMap":{},"s":{"0":3,"1":1,"2":1,"3":1,"4":1},"f":{"0":3},"b":{}}
,"E:/next-lodash/src/lib/array/head.ts": {"path":"E:/next-lodash/src/lib/array/head.ts","statementMap":{"0":{"start":{"line":8,"column":13},"end":{"line":11,"column":null}},"1":{"start":{"line":9,"column":14},"end":{"line":9,"column":null}},"2":{"start":{"line":10,"column":2},"end":{"line":10,"column":null}},"3":{"start":{"line":13,"column":12},"end":{"line":13,"column":null}},"4":{"start":{"line":14,"column":13},"end":{"line":14,"column":null}},"5":{"start":{"line":15,"column":13},"end":{"line":15,"column":null}},"6":{"start":{"line":16,"column":13},"end":{"line":16,"column":null}},"7":{"start":{"line":17,"column":13},"end":{"line":17,"column":null}},"8":{"start":{"line":18,"column":13},"end":{"line":18,"column":null}},"9":{"start":{"line":19,"column":13},"end":{"line":19,"column":null}}},"fnMap":{"0":{"name":"(anonymous_0)","decl":{"start":{"line":8,"column":13},"end":{"line":8,"column":44}},"loc":{"start":{"line":8,"column":66},"end":{"line":11,"column":null}}}},"branchMap":{},"s":{"0":1,"1":7,"2":7,"3":1,"4":1,"5":1,"6":1,"7":1,"8":1,"9":1},"f":{"0":7},"b":{}}
,"E:/next-lodash/src/lib/array/last.ts": {"path":"E:/next-lodash/src/lib/array/last.ts","statementMap":{"0":{"start":{"line":8,"column":13},"end":{"line":10,"column":null}},"1":{"start":{"line":9,"column":2},"end":{"line":9,"column":null}},"2":{"start":{"line":12,"column":16},"end":{"line":12,"column":null}},"3":{"start":{"line":13,"column":11},"end":{"line":13,"column":null}},"4":{"start":{"line":14,"column":11},"end":{"line":14,"column":null}}},"fnMap":{"0":{"name":"(anonymous_0)","decl":{"start":{"line":8,"column":13},"end":{"line":8,"column":40}},"loc":{"start":{"line":8,"column":61},"end":{"line":10,"column":null}}}},"branchMap":{},"s":{"0":1,"1":3,"2":1,"3":1,"4":1},"f":{"0":3},"b":{}}
,"E:/next-lodash/src/lib/array/tail.ts": {"path":"E:/next-lodash/src/lib/array/tail.ts","statementMap":{"0":{"start":{"line":3,"column":24},"end":{"line":3,"column":null}},"1":{"start":{"line":4,"column":2},"end":{"line":4,"column":null}},"2":{"start":{"line":8,"column":16},"end":{"line":8,"column":null}},"3":{"start":{"line":10,"column":13},"end":{"line":10,"column":null}},"4":{"start":{"line":12,"column":16},"end":{"line":12,"column":null}},"5":{"start":{"line":14,"column":13},"end":{"line":14,"column":null}},"6":{"start":{"line":16,"column":13},"end":{"line":16,"column":null}}},"fnMap":{"0":{"name":"tail","decl":{"start":{"line":2,"column":9},"end":{"line":2,"column":14}},"loc":{"start":{"line":2,"column":39},"end":{"line":5,"column":null}}}},"branchMap":{},"s":{"0":3,"1":3,"2":1,"3":1,"4":1,"5":1,"6":1},"f":{"0":3},"b":{}}
,"E:/next-lodash/src/lib/array/zip.ts": {"path":"E:/next-lodash/src/lib/array/zip.ts","statementMap":{"0":{"start":{"line":21,"column":2},"end":{"line":21,"column":null}},"1":{"start":{"line":21,"column":40},"end":{"line":21,"column":null}},"2":{"start":{"line":23,"column":26},"end":{"line":23,"column":null}},"3":{"start":{"line":24,"column":28},"end":{"line":24,"column":null}},"4":{"start":{"line":26,"column":2},"end":{"line":26,"column":null}},"5":{"start":{"line":29,"column":13},"end":{"line":29,"column":null}},"6":{"start":{"line":30,"column":13},"end":{"line":30,"column":null}},"7":{"start":{"line":32,"column":12},"end":{"line":32,"column":null}},"8":{"start":{"line":33,"column":13},"end":{"line":33,"column":null}}},"fnMap":{"0":{"name":"zip","decl":{"start":{"line":20,"column":9},"end":{"line":20,"column":13}},"loc":{"start":{"line":20,"column":51},"end":{"line":27,"column":null}}}},"branchMap":{"0":{"loc":{"start":{"line":21,"column":2},"end":{"line":21,"column":null}},"type":"if","locations":[{"start":{"line":21,"column":2},"end":{"line":21,"column":null}},{"start":{"line":21,"column":2},"end":{"line":21,"column":null}}]},"1":{"loc":{"start":{"line":21,"column":6},"end":{"line":21,"column":40}},"type":"binary-expr","locations":[{"start":{"line":21,"column":6},"end":{"line":21,"column":24}},{"start":{"line":21,"column":24},"end":{"line":21,"column":40}}]}},"s":{"0":8,"1":2,"2":6,"3":6,"4":6,"5":1,"6":1,"7":1,"8":1},"f":{"0":8},"b":{"0":[2,6],"1":[8,6]}}
,"E:/next-lodash/src/lib/object/chainable.ts": {"path":"E:/next-lodash/src/lib/object/chainable.ts","statementMap":{"0":{"start":{"line":13,"column":18},"end":{"line":13,"column":null}},"1":{"start":{"line":20,"column":28},"end":{"line":44,"column":null}},"2":{"start":{"line":22,"column":6},"end":{"line":24,"column":null}},"3":{"start":{"line":23,"column":8},"end":{"line":23,"column":null}},"4":{"start":{"line":25,"column":6},"end":{"line":28,"column":null}},"5":{"start":{"line":31,"column":6},"end":{"line":42,"column":null}},"6":{"start":{"line":32,"column":8},"end":{"line":35,"column":null}},"7":{"start":{"line":37,"column":21},"end":{"line":37,"column":null}},"8":{"start":{"line":38,"column":24},"end":{"line":38,"column":null}},"9":{"start":{"line":39,"column":8},"end":{"line":41,"column":null}},"10":{"start":{"line":46,"column":2},"end":{"line":46,"column":null}},"11":{"start":{"line":54,"column":2},"end":{"line":66,"column":null}},"12":{"start":{"line":55,"column":19},"end":{"line":61,"column":null}},"13":{"start":{"line":57,"column":8},"end":{"line":57,"column":null}},"14":{"start":{"line":58,"column":8},"end":{"line":58,"column":null}},"15":{"start":{"line":62,"column":4},"end":{"line":65,"column":null}},"16":{"start":{"line":67,"column":2},"end":{"line":69,"column":null}}},"fnMap":{"0":{"name":"chainable","decl":{"start":{"line":15,"column":9},"end":{"line":15,"column":null}},"loc":{"start":{"line":19,"column":46},"end":{"line":47,"column":null}}},"1":{"name":"(anonymous_1)","decl":{"start":{"line":21,"column":4},"end":{"line":21,"column":11}},"loc":{"start":{"line":21,"column":23},"end":{"line":29,"column":null}}},"2":{"name":"(anonymous_2)","decl":{"start":{"line":30,"column":4},"end":{"line":30,"column":10}},"loc":{"start":{"line":30,"column":10},"end":{"line":43,"column":null}}},"3":{"name":"getOption","decl":{"start":{"line":49,"column":9},"end":{"line":49,"column":null}},"loc":{"start":{"line":53,"column":2},"end":{"line":70,"column":null}}},"4":{"name":"(anonymous_4)","decl":{"start":{"line":56,"column":6},"end":{"line":56,"column":7}},"loc":{"start":{"line":56,"column":50},"end":{"line":59,"column":null}}}},"branchMap":{"0":{"loc":{"start":{"line":22,"column":6},"end":{"line":24,"column":null}},"type":"if","locations":[{"start":{"line":22,"column":6},"end":{"line":24,"column":null}},{"start":{"line":22,"column":6},"end":{"line":24,"column":null}}]},"1":{"loc":{"start":{"line":31,"column":6},"end":{"line":42,"column":null}},"type":"if","locations":[{"start":{"line":31,"column":6},"end":{"line":42,"column":null}},{"start":{"line":36,"column":13},"end":{"line":42,"column":null}}]},"2":{"loc":{"start":{"line":31,"column":10},"end":{"line":31,"column":26}},"type":"binary-expr","locations":[{"start":{"line":31,"column":10},"end":{"line":31,"column":18}},{"start":{"line":31,"column":18},"end":{"line":31,"column":26}}]},"3":{"loc":{"start":{"line":54,"column":2},"end":{"line":66,"column":null}},"type":"if","locations":[{"start":{"line":54,"column":2},"end":{"line":66,"column":null}},{"start":{"line":54,"column":2},"end":{"line":66,"column":null}}]}},"s":{"0":1,"1":5,"2":4,"3":3,"4":4,"5":5,"6":1,"7":4,"8":4,"9":4,"10":5,"11":4,"12":2,"13":4,"14":4,"15":2,"16":2},"f":{"0":5,"1":4,"2":5,"3":4,"4":4},"b":{"0":[3,1],"1":[1,4],"2":[5,1],"3":[2,2]}}
,"E:/next-lodash/src/lib/object/get.ts": {"path":"E:/next-lodash/src/lib/object/get.ts","statementMap":{"0":{"start":{"line":34,"column":17},"end":{"line":38,"column":null}},"1":{"start":{"line":35,"column":15},"end":{"line":35,"column":null}},"2":{"start":{"line":36,"column":2},"end":{"line":36,"column":null}},"3":{"start":{"line":36,"column":26},"end":{"line":36,"column":48}},"4":{"start":{"line":37,"column":2},"end":{"line":37,"column":null}},"5":{"start":{"line":40,"column":35},"end":{"line":51,"column":null}},"6":{"start":{"line":53,"column":12},"end":{"line":53,"column":null}},"7":{"start":{"line":55,"column":13},"end":{"line":55,"column":null}},"8":{"start":{"line":57,"column":13},"end":{"line":57,"column":null}},"9":{"start":{"line":59,"column":13},"end":{"line":59,"column":null}},"10":{"start":{"line":61,"column":13},"end":{"line":61,"column":null}},"11":{"start":{"line":63,"column":13},"end":{"line":63,"column":null}}},"fnMap":{"0":{"name":"(anonymous_0)","decl":{"start":{"line":34,"column":17},"end":{"line":34,"column":18}},"loc":{"start":{"line":34,"column":50},"end":{"line":38,"column":null}}},"1":{"name":"(anonymous_1)","decl":{"start":{"line":36,"column":15},"end":{"line":36,"column":16}},"loc":{"start":{"line":36,"column":26},"end":{"line":36,"column":48}}}},"branchMap":{},"s":{"0":1,"1":6,"2":6,"3":12,"4":6,"5":1,"6":1,"7":1,"8":1,"9":1,"10":1,"11":1},"f":{"0":6,"1":12},"b":{}}
}
